-------------------------------------------------------------------------------
Test set: com.poly.hangnt169.Hangnt169ApplicationTests
-------------------------------------------------------------------------------
Tests run: 1, Failures: 0, Errors: 1, Skipped: 0, Time elapsed: 1.441 s <<< FAILURE! - in com.poly.hangnt169.Hangnt169ApplicationTests
contextLoads  Time elapsed: 0.001 s  <<< ERROR!
java.lang.IllegalStateException: Failed to load ApplicationContext for [WebMergedContextConfiguration@9e33a6a testClass = com.poly.hangnt169.Hangnt169ApplicationTests, locations = [], classes = [com.poly.hangnt169.Hangnt169Application], contextInitializerClasses = [], activeProfiles = [], propertySourceLocations = [], propertySourceProperties = ["org.springframework.boot.test.context.SpringBootTestContextBootstrapper=true"], contextCustomizers = [org.springframework.boot.test.context.filter.ExcludeFilterContextCustomizer@3514a4c0, org.springframework.boot.test.json.DuplicateJsonObjectContextCustomizerFactory$DuplicateJsonObjectContextCustomizer@2df9b86, org.springframework.boot.test.mock.mockito.MockitoContextCustomizer@0, org.springframework.boot.test.web.client.TestRestTemplateContextCustomizer@3e84448c, org.springframework.boot.test.autoconfigure.actuate.observability.ObservabilityContextCustomizerFactory$DisableObservabilityContextCustomizer@9da1, org.springframework.boot.test.autoconfigure.properties.PropertyMappingContextCustomizer@0, org.springframework.boot.test.autoconfigure.web.servlet.WebDriverContextCustomizerFactory$Customizer@2b91004a, org.springframework.boot.test.context.SpringBootTestAnnotation@77edc4b2], resourceBasePath = "src/main/webapp", contextLoader = org.springframework.boot.test.context.SpringBootContextLoader, parent = null]
Caused by: org.springframework.beans.factory.BeanCreationException: Error creating bean with name 'entityManagerFactory' defined in class path resource [org/springframework/boot/autoconfigure/orm/jpa/HibernateJpaConfiguration.class]: 'java.lang.reflect.Type org.hibernate.annotations.common.reflection.ReflectionManager.toType(org.hibernate.annotations.common.reflection.XClass)'
Caused by: java.lang.NoSuchMethodError: 'java.lang.reflect.Type org.hibernate.annotations.common.reflection.ReflectionManager.toType(org.hibernate.annotations.common.reflection.XClass)'

